#
# There is insufficient memory for the Java Runtime Environment to continue.
# Native memory allocation (malloc) failed to allocate 32744 bytes for ChunkPool::allocate
# Possible reasons:
#   The system is out of physical RAM or swap space
#   The process is running with CompressedOops enabled, and the Java Heap may be blocking the growth of the native heap
# Possible solutions:
#   Reduce memory load on the system
#   Increase physical memory or swap space
#   Check if swap backing store is full
#   Decrease Java heap size (-Xmx/-Xms)
#   Decrease number of Java threads
#   Decrease Java thread stack sizes (-Xss)
#   Set larger code cache with -XX:ReservedCodeCacheSize=
#   JVM is running with Unscaled Compressed Oops mode in which the Java heap is
#     placed in the first 4GB address space. The Java Heap base address is the
#     maximum limit for the native heap growth. Please use -XX:HeapBaseMinAddress
#     to set the Java Heap base and to place the Java Heap above 4GB virtual address.
# This output file may be truncated or incomplete.
#
#  Out of Memory Error (arena.cpp:78), pid=5320, tid=3132
#
# JRE version: OpenJDK Runtime Environment Corretto-17.0.6.10.1 (17.0.6+10) (build 17.0.6+10-LTS)
# Java VM: OpenJDK 64-Bit Server VM Corretto-17.0.6.10.1 (17.0.6+10-LTS, mixed mode, sharing, tiered, compressed oops, compressed class ptrs, g1 gc, windows-amd64)
# No core dump will be written. Minidumps are not enabled by default on client versions of Windows
#

---------------  S U M M A R Y ------------

Command Line: C:\Users\User\AppData\Local\Temp\surefire9381250628571101333\surefirebooter5307562921997260293.jar C:\Users\User\AppData\Local\Temp\surefire9381250628571101333 2023-10-02T21-52-34_958-jvmRun1 surefire5087760461514355225tmp surefire_2144529194773258995tmp

Host: Intel(R) Core(TM) i3-6006U CPU @ 2.00GHz, 4 cores, 7G,  Windows 10 , 64 bit Build 19041 (10.0.19041.3393)
Time: Mon Oct  2 21:54:46 2023  Windows 10 , 64 bit Build 19041 (10.0.19041.3393) elapsed time: 1.631381 seconds (0d 0h 0m 1s)

---------------  T H R E A D  ---------------

Current thread (0x000002377fa42e10):  JavaThread "C1 CompilerThread0" daemon [_thread_in_native, id=3132, stack(0x000000edbae00000,0x000000edbaf00000)]


Current CompileTask:
C1:   1631  717       3       java.net.URLStreamHandler::parseURL (1201 bytes)

Stack: [0x000000edbae00000,0x000000edbaf00000]
Native frames: (J=compiled Java code, j=interpreted, Vv=VM code, C=native code)
V  [jvm.dll+0x64b39a]
V  [jvm.dll+0x7ff044]
V  [jvm.dll+0x8007fe]
V  [jvm.dll+0x800e53]
V  [jvm.dll+0x235848]
V  [jvm.dll+0xbd088]
V  [jvm.dll+0xbd44c]
V  [jvm.dll+0x1633ac]
V  [jvm.dll+0x16948c]
V  [jvm.dll+0x15644e]
V  [jvm.dll+0x1444c0]
V  [jvm.dll+0x12d9a7]
V  [jvm.dll+0x12d2ff]
V  [jvm.dll+0x12d535]
V  [jvm.dll+0x12c925]
V  [jvm.dll+0x12e646]
V  [jvm.dll+0x2185dd]
V  [jvm.dll+0x216824]
V  [jvm.dll+0x7b77bb]
V  [jvm.dll+0x7b1d6a]
V  [jvm.dll+0x64a265]
C  [ucrtbase.dll+0x21bb2]
C  [KERNEL32.DLL+0x17344]
C  [ntdll.dll+0x526b1]


---------------  P R O C E S S  ---------------

Threads class SMR info:
_java_thread_list=0x0000023704becfb0, length=14, elements={
0x0000023763ff4d60, 0x000002377f9f6c60, 0x000002377f9f7ad0, 0x000002377fa0ef30,
0x000002377fa119f0, 0x000002377fa123a0, 0x000002377fa1ad60, 0x000002377fa3f350,
0x000002377fa42e10, 0x000002377fa55fd0, 0x00000237049dc480, 0x00000237049e0360,
0x0000023704a1f7e0, 0x0000023704bbf9e0
}

Java Threads: ( => current thread )
  0x0000023763ff4d60 JavaThread "main" [_thread_in_vm, id=2220, stack(0x000000edba000000,0x000000edba100000)]
  0x000002377f9f6c60 JavaThread "Reference Handler" daemon [_thread_blocked, id=21980, stack(0x000000edba700000,0x000000edba800000)]
  0x000002377f9f7ad0 JavaThread "Finalizer" daemon [_thread_blocked, id=19088, stack(0x000000edba800000,0x000000edba900000)]
  0x000002377fa0ef30 JavaThread "Signal Dispatcher" daemon [_thread_blocked, id=22040, stack(0x000000edba900000,0x000000edbaa00000)]
  0x000002377fa119f0 JavaThread "Attach Listener" daemon [_thread_blocked, id=6896, stack(0x000000edbaa00000,0x000000edbab00000)]
  0x000002377fa123a0 JavaThread "Service Thread" daemon [_thread_blocked, id=2616, stack(0x000000edbab00000,0x000000edbac00000)]
  0x000002377fa1ad60 JavaThread "Monitor Deflation Thread" daemon [_thread_blocked, id=14544, stack(0x000000edbac00000,0x000000edbad00000)]
  0x000002377fa3f350 JavaThread "C2 CompilerThread0" daemon [_thread_in_native, id=10156, stack(0x000000edbad00000,0x000000edbae00000)]
=>0x000002377fa42e10 JavaThread "C1 CompilerThread0" daemon [_thread_in_native, id=3132, stack(0x000000edbae00000,0x000000edbaf00000)]
  0x000002377fa55fd0 JavaThread "Sweeper thread" daemon [_thread_blocked, id=24364, stack(0x000000edbaf00000,0x000000edbb000000)]
  0x00000237049dc480 JavaThread "Notification Thread" daemon [_thread_blocked, id=16748, stack(0x000000edbb000000,0x000000edbb100000)]
  0x00000237049e0360 JavaThread "Common-Cleaner" daemon [_thread_blocked, id=19160, stack(0x000000edbb200000,0x000000edbb300000)]
  0x0000023704a1f7e0 JavaThread "surefire-forkedjvm-command-thread" daemon [_thread_in_native, id=22792, stack(0x000000edbb300000,0x000000edbb400000)]
  0x0000023704bbf9e0 JavaThread "surefire-forkedjvm-ping-30s" daemon [_thread_blocked, id=9356, stack(0x000000edbb400000,0x000000edbb500000)]

Other Threads:
  0x000002377f9f1c60 VMThread "VM Thread" [stack: 0x000000edba600000,0x000000edba700000] [id=11696]
  0x0000023764072e90 WatcherThread [stack: 0x000000edbb100000,0x000000edbb200000] [id=5508]
  0x000002376404e600 GCTaskThread "GC Thread#0" [stack: 0x000000edba100000,0x000000edba200000] [id=8440]
  0x0000023704e03760 GCTaskThread "GC Thread#1" [stack: 0x000000edbb500000,0x000000edbb600000] [id=23696]
  0x0000023704c2c780 GCTaskThread "GC Thread#2" [stack: 0x000000edbb600000,0x000000edbb700000] [id=20780]
  0x00000237050f0bf0 GCTaskThread "GC Thread#3" [stack: 0x000000edbb700000,0x000000edbb800000] [id=21464]
  0x000002376405f9c0 ConcurrentGCThread "G1 Main Marker" [stack: 0x000000edba200000,0x000000edba300000] [id=21820]
  0x00000237640603d0 ConcurrentGCThread "G1 Conc#0" [stack: 0x000000edba300000,0x000000edba400000] [id=23248]
  0x000002377f8b0090 ConcurrentGCThread "G1 Refine#0" [stack: 0x000000edba400000,0x000000edba500000] [id=22264]
  0x0000023705023b20 ConcurrentGCThread "G1 Refine#1" [stack: 0x000000edbb800000,0x000000edbb900000] [id=16324]
  0x000002377f8b0ab0 ConcurrentGCThread "G1 Service" [stack: 0x000000edba500000,0x000000edba600000] [id=21224]

Threads with active compile tasks:
C2 CompilerThread0     1769  723   !   4       java.util.zip.ZipFile$Source::getEntryPos (173 bytes)
C1 CompilerThread0     1769  717       3       java.net.URLStreamHandler::parseURL (1201 bytes)

VM state: not at safepoint (normal execution)

VM Mutex/Monitor currently owned by a thread: None

Heap address: 0x0000000081e00000, size: 2018 MB, Compressed Oops mode: 32-bit

CDS archive(s) mapped at: [0x0000000800000000-0x0000000800bc0000-0x0000000800bc0000), size 12320768, SharedBaseAddress: 0x0000000800000000, ArchiveRelocationMode: 0.
Compressed class space mapped at: 0x0000000800c00000-0x0000000840c00000, reserved size: 1073741824
Narrow klass base: 0x0000000800000000, Narrow klass shift: 0, Narrow klass range: 0x100000000

GC Precious Log:
 CPUs: 4 total, 4 available
 Memory: 8071M
 Large Page Support: Disabled
 NUMA Support: Disabled
 Compressed Oops: Enabled (32-bit)
 Heap Region Size: 1M
 Heap Min Capacity: 8M
 Heap Initial Capacity: 128M
 Heap Max Capacity: 2018M
 Pre-touch: Disabled
 Parallel Workers: 4
 Concurrent Workers: 1
 Concurrent Refinement Workers: 4
 Periodic GC: Disabled

Heap:
 garbage-first heap   total 131072K, used 8486K [0x0000000081e00000, 0x0000000100000000)
  region size 1024K, 4 young (4096K), 2 survivors (2048K)
 Metaspace       used 2512K, committed 2688K, reserved 1056768K
  class space    used 242K, committed 320K, reserved 1048576K

Heap Regions: E=young(eden), S=young(survivor), O=old, HS=humongous(starts), HC=humongous(continues), CS=collection set, F=free, OA=open archive, CA=closed archive, TAMS=top-at-mark-start (previous, next)
|   0|0x0000000081e00000, 0x0000000081e00000, 0x0000000081f00000|  0%| F|  |TAMS 0x0000000081e00000, 0x0000000081e00000| Untracked 
|   1|0x0000000081f00000, 0x0000000082000000, 0x0000000082000000|100%| O|  |TAMS 0x0000000081f00000, 0x0000000081f00000| Untracked 
|   2|0x0000000082000000, 0x0000000082100000, 0x0000000082100000|100%| O|  |TAMS 0x0000000082000000, 0x0000000082000000| Untracked 
|   3|0x0000000082100000, 0x0000000082200000, 0x0000000082200000|100%| O|  |TAMS 0x0000000082100000, 0x0000000082100000| Untracked 
|   4|0x0000000082200000, 0x0000000082300000, 0x0000000082300000|100%| O|  |TAMS 0x0000000082200000, 0x0000000082200000| Untracked 
|   5|0x0000000082300000, 0x0000000082400000, 0x0000000082400000|100%| O|  |TAMS 0x0000000082300000, 0x0000000082300000| Untracked 
|   6|0x0000000082400000, 0x0000000082449a00, 0x0000000082500000| 28%| O|  |TAMS 0x0000000082400000, 0x0000000082400000| Untracked 
|   7|0x0000000082500000, 0x0000000082500000, 0x0000000082600000|  0%| F|  |TAMS 0x0000000082500000, 0x0000000082500000| Untracked 
|   8|0x0000000082600000, 0x0000000082600000, 0x0000000082700000|  0%| F|  |TAMS 0x0000000082600000, 0x0000000082600000| Untracked 
|   9|0x0000000082700000, 0x0000000082700000, 0x0000000082800000|  0%| F|  |TAMS 0x0000000082700000, 0x0000000082700000| Untracked 
|  10|0x0000000082800000, 0x0000000082800000, 0x0000000082900000|  0%| F|  |TAMS 0x0000000082800000, 0x0000000082800000| Untracked 
|  11|0x0000000082900000, 0x0000000082900000, 0x0000000082a00000|  0%| F|  |TAMS 0x0000000082900000, 0x0000000082900000| Untracked 
|  12|0x0000000082a00000, 0x0000000082a00000, 0x0000000082b00000|  0%| F|  |TAMS 0x0000000082a00000, 0x0000000082a00000| Untracked 
|  13|0x0000000082b00000, 0x0000000082b00000, 0x0000000082c00000|  0%| F|  |TAMS 0x0000000082b00000, 0x0000000082b00000| Untracked 
|  14|0x0000000082c00000, 0x0000000082c00000, 0x0000000082d00000|  0%| F|  |TAMS 0x0000000082c00000, 0x0000000082c00000| Untracked 
|  15|0x0000000082d00000, 0x0000000082d00000, 0x0000000082e00000|  0%| F|  |TAMS 0x0000000082d00000, 0x0000000082d00000| Untracked 
|  16|0x0000000082e00000, 0x0000000082e00000, 0x0000000082f00000|  0%| F|  |TAMS 0x0000000082e00000, 0x0000000082e00000| Untracked 
|  17|0x0000000082f00000, 0x0000000082f00000, 0x0000000083000000|  0%| F|  |TAMS 0x0000000082f00000, 0x0000000082f00000| Untracked 
|  18|0x0000000083000000, 0x0000000083000000, 0x0000000083100000|  0%| F|  |TAMS 0x0000000083000000, 0x0000000083000000| Untracked 
|  19|0x0000000083100000, 0x0000000083100000, 0x0000000083200000|  0%| F|  |TAMS 0x0000000083100000, 0x0000000083100000| Untracked 
|  20|0x0000000083200000, 0x0000000083200000, 0x0000000083300000|  0%| F|  |TAMS 0x0000000083200000, 0x0000000083200000| Untracked 
|  21|0x0000000083300000, 0x0000000083300000, 0x0000000083400000|  0%| F|  |TAMS 0x0000000083300000, 0x0000000083300000| Untracked 
|  22|0x0000000083400000, 0x0000000083400000, 0x0000000083500000|  0%| F|  |TAMS 0x0000000083400000, 0x0000000083400000| Untracked 
|  23|0x0000000083500000, 0x0000000083500000, 0x0000000083600000|  0%| F|  |TAMS 0x0000000083500000, 0x0000000083500000| Untracked 
|  24|0x0000000083600000, 0x0000000083600000, 0x0000000083700000|  0%| F|  |TAMS 0x0000000083600000, 0x0000000083600000| Untracked 
|  25|0x0000000083700000, 0x0000000083700000, 0x0000000083800000|  0%| F|  |TAMS 0x0000000083700000, 0x0000000083700000| Untracked 
|  26|0x0000000083800000, 0x0000000083800000, 0x0000000083900000|  0%| F|  |TAMS 0x0000000083800000, 0x0000000083800000| Untracked 
|  27|0x0000000083900000, 0x0000000083900000, 0x0000000083a00000|  0%| F|  |TAMS 0x0000000083900000, 0x0000000083900000| Untracked 
|  28|0x0000000083a00000, 0x0000000083a00000, 0x0000000083b00000|  0%| F|  |TAMS 0x0000000083a00000, 0x0000000083a00000| Untracked 
|  29|0x0000000083b00000, 0x0000000083b00000, 0x0000000083c00000|  0%| F|  |TAMS 0x0000000083b00000, 0x0000000083b00000| Untracked 
|  30|0x0000000083c00000, 0x0000000083c00000, 0x0000000083d00000|  0%| F|  |TAMS 0x0000000083c00000, 0x0000000083c00000| Untracked 
|  31|0x0000000083d00000, 0x0000000083d00000, 0x0000000083e00000|  0%| F|  |TAMS 0x0000000083d00000, 0x0000000083d00000| Untracked 
|  32|0x0000000083e00000, 0x0000000083e00000, 0x0000000083f00000|  0%| F|  |TAMS 0x0000000083e00000, 0x0000000083e00000| Untracked 
|  33|0x0000000083f00000, 0x0000000083f00000, 0x0000000084000000|  0%| F|  |TAMS 0x0000000083f00000, 0x0000000083f00000| Untracked 
|  34|0x0000000084000000, 0x0000000084000000, 0x0000000084100000|  0%| F|  |TAMS 0x0000000084000000, 0x0000000084000000| Untracked 
|  35|0x0000000084100000, 0x0000000084100000, 0x0000000084200000|  0%| F|  |TAMS 0x0000000084100000, 0x0000000084100000| Untracked 
|  36|0x0000000084200000, 0x0000000084200000, 0x0000000084300000|  0%| F|  |TAMS 0x0000000084200000, 0x0000000084200000| Untracked 
|  37|0x0000000084300000, 0x0000000084300000, 0x0000000084400000|  0%| F|  |TAMS 0x0000000084300000, 0x0000000084300000| Untracked 
|  38|0x0000000084400000, 0x0000000084400000, 0x0000000084500000|  0%| F|  |TAMS 0x0000000084400000, 0x0000000084400000| Untracked 
|  39|0x0000000084500000, 0x0000000084500000, 0x0000000084600000|  0%| F|  |TAMS 0x0000000084500000, 0x0000000084500000| Untracked 
|  40|0x0000000084600000, 0x0000000084600000, 0x0000000084700000|  0%| F|  |TAMS 0x0000000084600000, 0x0000000084600000| Untracked 
|  41|0x0000000084700000, 0x0000000084700000, 0x0000000084800000|  0%| F|  |TAMS 0x0000000084700000, 0x0000000084700000| Untracked 
|  42|0x0000000084800000, 0x0000000084800000, 0x0000000084900000|  0%| F|  |TAMS 0x0000000084800000, 0x0000000084800000| Untracked 
|  43|0x0000000084900000, 0x0000000084900000, 0x0000000084a00000|  0%| F|  |TAMS 0x0000000084900000, 0x0000000084900000| Untracked 
|  44|0x0000000084a00000, 0x0000000084a00000, 0x0000000084b00000|  0%| F|  |TAMS 0x0000000084a00000, 0x0000000084a00000| Untracked 
|  45|0x0000000084b00000, 0x0000000084b00000, 0x0000000084c00000|  0%| F|  |TAMS 0x0000000084b00000, 0x0000000084b00000| Untracked 
|  46|0x0000000084c00000, 0x0000000084c00000, 0x0000000084d00000|  0%| F|  |TAMS 0x0000000084c00000, 0x0000000084c00000| Untracked 
|  47|0x0000000084d00000, 0x0000000084d00000, 0x0000000084e00000|  0%| F|  |TAMS 0x0000000084d00000, 0x0000000084d00000| Untracked 
|  48|0x0000000084e00000, 0x0000000084e00000, 0x0000000084f00000|  0%| F|  |TAMS 0x0000000084e00000, 0x0000000084e00000| Untracked 
|  49|0x0000000084f00000, 0x0000000084f00000, 0x0000000085000000|  0%| F|  |TAMS 0x0000000084f00000, 0x0000000084f00000| Untracked 
|  50|0x0000000085000000, 0x0000000085000000, 0x0000000085100000|  0%| F|  |TAMS 0x0000000085000000, 0x0000000085000000| Untracked 
|  51|0x0000000085100000, 0x0000000085100000, 0x0000000085200000|  0%| F|  |TAMS 0x0000000085100000, 0x0000000085100000| Untracked 
|  52|0x0000000085200000, 0x0000000085200000, 0x0000000085300000|  0%| F|  |TAMS 0x0000000085200000, 0x0000000085200000| Untracked 
|  53|0x0000000085300000, 0x0000000085300000, 0x0000000085400000|  0%| F|  |TAMS 0x0000000085300000, 0x0000000085300000| Untracked 
|  54|0x0000000085400000, 0x0000000085400000, 0x0000000085500000|  0%| F|  |TAMS 0x0000000085400000, 0x0000000085400000| Untracked 
|  55|0x0000000085500000, 0x0000000085500000, 0x0000000085600000|  0%| F|  |TAMS 0x0000000085500000, 0x0000000085500000| Untracked 
|  56|0x0000000085600000, 0x0000000085600000, 0x0000000085700000|  0%| F|  |TAMS 0x0000000085600000, 0x0000000085600000| Untracked 
|  57|0x0000000085700000, 0x0000000085700000, 0x0000000085800000|  0%| F|  |TAMS 0x0000000085700000, 0x0000000085700000| Untracked 
|  58|0x0000000085800000, 0x0000000085800000, 0x0000000085900000|  0%| F|  |TAMS 0x0000000085800000, 0x0000000085800000| Untracked 
|  59|0x0000000085900000, 0x0000000085900000, 0x0000000085a00000|  0%| F|  |TAMS 0x0000000085900000, 0x0000000085900000| Untracked 
|  60|0x0000000085a00000, 0x0000000085a00000, 0x0000000085b00000|  0%| F|  |TAMS 0x0000000085a00000, 0x0000000085a00000| Untracked 
|  61|0x0000000085b00000, 0x0000000085b00000, 0x0000000085c00000|  0%| F|  |TAMS 0x0000000085b00000, 0x0000000085b00000| Untracked 
|  62|0x0000000085c00000, 0x0000000085c00000, 0x0000000085d00000|  0%| F|  |TAMS 0x0000000085c00000, 0x0000000085c00000| Untracked 
|  63|0x0000000085d00000, 0x0000000085d00000, 0x0000000085e00000|  0%| F|  |TAMS 0x0000000085d00000, 0x0000000085d00000| Untracked 
|  64|0x0000000085e00000, 0x0000000085e00000, 0x0000000085f00000|  0%| F|  |TAMS 0x0000000085e00000, 0x0000000085e00000| Untracked 
|  65|0x0000000085f00000, 0x0000000085f00000, 0x0000000086000000|  0%| F|  |TAMS 0x0000000085f00000, 0x0000000085f00000| Untracked 
|  66|0x0000000086000000, 0x0000000086000000, 0x0000000086100000|  0%| F|  |TAMS 0x0000000086000000, 0x0000000086000000| Untracked 
|  67|0x0000000086100000, 0x0000000086100000, 0x0000000086200000|  0%| F|  |TAMS 0x0000000086100000, 0x0000000086100000| Untracked 
|  68|0x0000000086200000, 0x0000000086200000, 0x0000000086300000|  0%| F|  |TAMS 0x0000000086200000, 0x0000000086200000| Untracked 
|  69|0x0000000086300000, 0x0000000086300000, 0x0000000086400000|  0%| F|  |TAMS 0x0000000086300000, 0x0000000086300000| Untracked 
|  70|0x0000000086400000, 0x0000000086400000, 0x0000000086500000|  0%| F|  |TAMS 0x0000000086400000, 0x0000000086400000| Untracked 
|  71|0x0000000086500000, 0x0000000086500000, 0x0000000086600000|  0%| F|  |TAMS 0x0000000086500000, 0x0000000086500000| Untracked 
|  72|0x0000000086600000, 0x0000000086600000, 0x0000000086700000|  0%| F|  |TAMS 0x0000000086600000, 0x0000000086600000| Untracked 
|  73|0x0000000086700000, 0x0000000086700000, 0x0000000086800000|  0%| F|  |TAMS 0x0000000086700000, 0x0000000086700000| Untracked 
|  74|0x0000000086800000, 0x0000000086800000, 0x0000000086900000|  0%| F|  |TAMS 0x0000000086800000, 0x0000000086800000| Untracked 
|  75|0x0000000086900000, 0x0000000086900000, 0x0000000086a00000|  0%| F|  |TAMS 0x0000000086900000, 0x0000000086900000| Untracked 
|  76|0x0000000086a00000, 0x0000000086a00000, 0x0000000086b00000|  0%| F|  |TAMS 0x0000000086a00000, 0x0000000086a00000| Untracked 
|  77|0x0000000086b00000, 0x0000000086b00000, 0x0000000086c00000|  0%| F|  |TAMS 0x0000000086b00000, 0x0000000086b00000| Untracked 
|  78|0x0000000086c00000, 0x0000000086c00000, 0x0000000086d00000|  0%| F|  |TAMS 0x0000000086c00000, 0x0000000086c00000| Untracked 
|  79|0x0000000086d00000, 0x0000000086d00000, 0x0000000086e00000|  0%| F|  |TAMS 0x0000000086d00000, 0x0000000086d00000| Untracked 
|  80|0x0000000086e00000, 0x0000000086e00000, 0x0000000086f00000|  0%| F|  |TAMS 0x0000000086e00000, 0x0000000086e00000| Untracked 
|  81|0x0000000086f00000, 0x0000000086f00000, 0x0000000087000000|  0%| F|  |TAMS 0x0000000086f00000, 0x0000000086f00000| Untracked 
|  82|0x0000000087000000, 0x0000000087000000, 0x0000000087100000|  0%| F|  |TAMS 0x0000000087000000, 0x0000000087000000| Untracked 
|  83|0x0000000087100000, 0x0000000087100000, 0x0000000087200000|  0%| F|  |TAMS 0x0000000087100000, 0x0000000087100000| Untracked 
|  84|0x0000000087200000, 0x0000000087200000, 0x0000000087300000|  0%| F|  |TAMS 0x0000000087200000, 0x0000000087200000| Untracked 
|  85|0x0000000087300000, 0x0000000087300000, 0x0000000087400000|  0%| F|  |TAMS 0x0000000087300000, 0x0000000087300000| Untracked 
|  86|0x0000000087400000, 0x0000000087400000, 0x0000000087500000|  0%| F|  |TAMS 0x0000000087400000, 0x0000000087400000| Untracked 
|  87|0x0000000087500000, 0x0000000087500000, 0x0000000087600000|  0%| F|  |TAMS 0x0000000087500000, 0x0000000087500000| Untracked 
|  88|0x0000000087600000, 0x0000000087600000, 0x0000000087700000|  0%| F|  |TAMS 0x0000000087600000, 0x0000000087600000| Untracked 
|  89|0x0000000087700000, 0x0000000087700000, 0x0000000087800000|  0%| F|  |TAMS 0x0000000087700000, 0x0000000087700000| Untracked 
|  90|0x0000000087800000, 0x0000000087800000, 0x0000000087900000|  0%| F|  |TAMS 0x0000000087800000, 0x0000000087800000| Untracked 
|  91|0x0000000087900000, 0x0000000087900000, 0x0000000087a00000|  0%| F|  |TAMS 0x0000000087900000, 0x0000000087900000| Untracked 
|  92|0x0000000087a00000, 0x0000000087a00000, 0x0000000087b00000|  0%| F|  |TAMS 0x0000000087a00000, 0x0000000087a00000| Untracked 
|  93|0x0000000087b00000, 0x0000000087b00000, 0x0000000087c00000|  0%| F|  |TAMS 0x0000000087b00000, 0x0000000087b00000| Untracked 
|  94|0x0000000087c00000, 0x0000000087c00000, 0x0000000087d00000|  0%| F|  |TAMS 0x0000000087c00000, 0x0000000087c00000| Untracked 
|  95|0x0000000087d00000, 0x0000000087d00000, 0x0000000087e00000|  0%| F|  |TAMS 0x0000000087d00000, 0x0000000087d00000| Untracked 
|  96|0x0000000087e00000, 0x0000000087e00000, 0x0000000087f00000|  0%| F|  |TAMS 0x0000000087e00000, 0x0000000087e00000| Untracked 
|  97|0x0000000087f00000, 0x0000000087f00000, 0x0000000088000000|  0%| F|  |TAMS 0x0000000087f00000, 0x0000000087f00000| Untracked 
|  98|0x0000000088000000, 0x0000000088000000, 0x0000000088100000|  0%| F|  |TAMS 0x0000000088000000, 0x0000000088000000| Untracked 
|  99|0x0000000088100000, 0x0000000088100000, 0x0000000088200000|  0%| F|  |TAMS 0x0000000088100000, 0x0000000088100000| Untracked 
| 100|0x0000000088200000, 0x0000000088200000, 0x0000000088300000|  0%| F|  |TAMS 0x0000000088200000, 0x0000000088200000| Untracked 
| 101|0x0000000088300000, 0x0000000088300000, 0x0000000088400000|  0%| F|  |TAMS 0x0000000088300000, 0x0000000088300000| Untracked 
| 102|0x0000000088400000, 0x0000000088400000, 0x0000000088500000|  0%| F|  |TAMS 0x0000000088400000, 0x0000000088400000| Untracked 
| 103|0x0000000088500000, 0x0000000088500000, 0x0000000088600000|  0%| F|  |TAMS 0x0000000088500000, 0x0000000088500000| Untracked 
| 104|0x0000000088600000, 0x0000000088600000, 0x0000000088700000|  0%| F|  |TAMS 0x0000000088600000, 0x0000000088600000| Untracked 
| 105|0x0000000088700000, 0x0000000088700000, 0x0000000088800000|  0%| F|  |TAMS 0x0000000088700000, 0x0000000088700000| Untracked 
| 106|0x0000000088800000, 0x0000000088800000, 0x0000000088900000|  0%| F|  |TAMS 0x0000000088800000, 0x0000000088800000| Untracked 
| 107|0x0000000088900000, 0x0000000088900000, 0x0000000088a00000|  0%| F|  |TAMS 0x0000000088900000, 0x0000000088900000| Untracked 
| 108|0x0000000088a00000, 0x0000000088a00000, 0x0000000088b00000|  0%| F|  |TAMS 0x0000000088a00000, 0x0000000088a00000| Untracked 
| 109|0x0000000088b00000, 0x0000000088b00000, 0x0000000088c00000|  0%| F|  |TAMS 0x0000000088b00000, 0x0000000088b00000| Untracked 
| 110|0x0000000088c00000, 0x0000000088c00000, 0x0000000088d00000|  0%| F|  |TAMS 0x0000000088c00000, 0x0000000088c00000| Untracked 
| 111|0x0000000088d00000, 0x0000000088d00000, 0x0000000088e00000|  0%| F|  |TAMS 0x0000000088d00000, 0x0000000088d00000| Untracked 
| 112|0x0000000088e00000, 0x0000000088e00000, 0x0000000088f00000|  0%| F|  |TAMS 0x0000000088e00000, 0x0000000088e00000| Untracked 
| 113|0x0000000088f00000, 0x0000000089000000, 0x0000000089000000|100%| S|CS|TAMS 0x0000000088f00000, 0x0000000088f00000| Complete 
| 114|0x0000000089000000, 0x0000000089100000, 0x0000000089100000|100%| S|CS|TAMS 0x0000000089000000, 0x0000000089000000| Complete 
| 115|0x0000000089100000, 0x0000000089100000, 0x0000000089200000|  0%| F|  |TAMS 0x0000000089100000, 0x0000000089100000| Untracked 
| 116|0x0000000089200000, 0x0000000089200000, 0x0000000089300000|  0%| F|  |TAMS 0x0000000089200000, 0x0000000089200000| Untracked 
| 117|0x0000000089300000, 0x0000000089300000, 0x0000000089400000|  0%| F|  |TAMS 0x0000000089300000, 0x0000000089300000| Untracked 
| 118|0x0000000089400000, 0x0000000089400000, 0x0000000089500000|  0%| F|  |TAMS 0x0000000089400000, 0x0000000089400000| Untracked 
| 119|0x0000000089500000, 0x0000000089500000, 0x0000000089600000|  0%| F|  |TAMS 0x0000000089500000, 0x0000000089500000| Untracked 
| 120|0x0000000089600000, 0x0000000089600000, 0x0000000089700000|  0%| F|  |TAMS 0x0000000089600000, 0x0000000089600000| Untracked 
| 121|0x0000000089700000, 0x0000000089700000, 0x0000000089800000|  0%| F|  |TAMS 0x0000000089700000, 0x0000000089700000| Untracked 
| 122|0x0000000089800000, 0x0000000089800000, 0x0000000089900000|  0%| F|  |TAMS 0x0000000089800000, 0x0000000089800000| Untracked 
| 123|0x0000000089900000, 0x0000000089900000, 0x0000000089a00000|  0%| F|  |TAMS 0x0000000089900000, 0x0000000089900000| Untracked 
| 124|0x0000000089a00000, 0x0000000089a00000, 0x0000000089b00000|  0%| F|  |TAMS 0x0000000089a00000, 0x0000000089a00000| Untracked 
| 125|0x0000000089b00000, 0x0000000089b00000, 0x0000000089c00000|  0%| F|  |TAMS 0x0000000089b00000, 0x0000000089b00000| Untracked 
| 126|0x0000000089c00000, 0x0000000089cefa40, 0x0000000089d00000| 93%| E|  |TAMS 0x0000000089c00000, 0x0000000089c00000| Complete 
| 127|0x0000000089d00000, 0x0000000089e00000, 0x0000000089e00000|100%| E|CS|TAMS 0x0000000089d00000, 0x0000000089d00000| Complete 

Card table byte_map: [0x000002377ccd0000,0x000002377d0d0000] _byte_map_base: 0x000002377c8c1000

Marking Bits (Prev, Next): (CMBitMap*) 0x000002376404ec10, (CMBitMap*) 0x000002376404ec50
 Prev Bits: [0x000002377d4d0000, 0x000002377f458000)
 Next Bits: [0x0000023700000000, 0x0000023701f88000)

Polling page: 0x0000023763e40000

Metaspace:

Usage:
  Non-class:      2.23 MB used.
      Class:    244.34 KB used.
       Both:      2.47 MB used.

Virtual space:
  Non-class space:        8.00 MB reserved,       2.31 MB ( 29%) committed,  1 nodes.
      Class space:        1.00 GB reserved,     320.00 KB ( <1%) committed,  1 nodes.
             Both:        1.01 GB reserved,       2.63 MB ( <1%) committed. 

Chunk freelists:
   Non-Class:  3.28 MB
       Class:  3.64 MB
        Both:  6.92 MB

MaxMetaspaceSize: unlimited
CompressedClassSpaceSize: 1.00 GB
Initial GC threshold: 21.00 MB
Current GC threshold: 21.00 MB
CDS: on
MetaspaceReclaimPolicy: balanced
 - commit_granule_bytes: 65536.
 - commit_granule_words: 8192.
 - virtual_space_node_default_size: 1048576.
 - enlarge_chunks_in_place: 1.
 - new_chunks_are_fully_committed: 0.
 - uncommit_free_chunks: 1.
 - use_allocation_guard: 0.
 - handle_deallocations: 1.


Internal statistics:

num_allocs_failed_limit: 0.
num_arena_births: 30.
num_arena_deaths: 0.
num_vsnodes_births: 2.
num_vsnodes_deaths: 0.
num_space_committed: 42.
num_space_uncommitted: 0.
num_chunks_returned_to_freelist: 0.
num_chunks_taken_from_freelist: 80.
num_chunk_merges: 0.
num_chunk_splits: 47.
num_chunks_enlarged: 34.
num_purges: 0.
num_inconsistent_stats: 0.

CodeHeap 'non-profiled nmethods': size=120000Kb used=217Kb max_used=217Kb free=119783Kb
 bounds [0x0000023774d80000, 0x0000023774ff0000, 0x000002377c2b0000]
CodeHeap 'profiled nmethods': size=120000Kb used=1264Kb max_used=1264Kb free=118735Kb
 bounds [0x000002376d2b0000, 0x000002376d520000, 0x00000237747e0000]
CodeHeap 'non-nmethods': size=5760Kb used=1144Kb max_used=1174Kb free=4616Kb
 bounds [0x00000237747e0000, 0x0000023774a50000, 0x0000023774d80000]
 total_blobs=1149 nmethods=717 adapters=345
 compilation: enabled
              stopped_count=0, restarted_count=0
 full_count=0

Compilation events (20 events):
Event: 1.577 Thread 0x000002377fa42e10 nmethod 706 0x000002376d3e6e90 code [0x000002376d3e7040, 0x000002376d3e7268]
Event: 1.583 Thread 0x000002377fa42e10  707       3       java.util.ArrayDeque::add (7 bytes)
Event: 1.583 Thread 0x000002377fa42e10 nmethod 707 0x000002376d3e7410 code [0x000002376d3e75c0, 0x000002376d3e7708]
Event: 1.585 Thread 0x000002377fa42e10  709   !   3       java.util.zip.ZipFile::getInputStream (275 bytes)
Event: 1.586 Thread 0x000002377fa3f350 nmethod 696 0x0000023774db3f10 code [0x0000023774db40c0, 0x0000023774db4838]
Event: 1.586 Thread 0x000002377fa3f350  708       4       java.lang.StringLatin1::replace (198 bytes)
Event: 1.587 Thread 0x000002377fa42e10 nmethod 709 0x000002376d3e7790 code [0x000002376d3e7a80, 0x000002376d3e8be8]
Event: 1.587 Thread 0x000002377fa42e10  710       3       java.util.zip.ZipFile$ZipFileInputStream::<init> (96 bytes)
Event: 1.589 Thread 0x000002377fa42e10 nmethod 710 0x000002376d3e9690 code [0x000002376d3e98c0, 0x000002376d3ea308]
Event: 1.589 Thread 0x000002377fa42e10  711       3       java.util.zip.ZipUtils::CENOFF (9 bytes)
Event: 1.589 Thread 0x000002377fa42e10 nmethod 711 0x000002376d3ea790 code [0x000002376d3ea940, 0x000002376d3eac18]
Event: 1.589 Thread 0x000002377fa42e10  712       3       java.util.zip.InflaterInputStream::close (34 bytes)
Event: 1.590 Thread 0x000002377fa42e10 nmethod 712 0x000002376d3ead90 code [0x000002376d3eaf40, 0x000002376d3eb1f8]
Event: 1.591 Thread 0x000002377fa42e10  713       3       java.lang.System$2::findBootstrapClassOrNull (5 bytes)
Event: 1.591 Thread 0x000002377fa42e10 nmethod 713 0x000002376d3eb310 code [0x000002376d3eb4c0, 0x000002376d3eb6d8]
Event: 1.591 Thread 0x000002377fa42e10  714       3       java.lang.ClassLoader::findBootstrapClassOrNull (14 bytes)
Event: 1.591 Thread 0x000002377fa42e10 nmethod 714 0x000002376d3eb810 code [0x000002376d3eb9c0, 0x000002376d3ebb78]
Event: 1.594 Thread 0x000002377fa42e10  716       3       sun.net.www.protocol.file.Handler::parseURL (18 bytes)
Event: 1.596 Thread 0x000002377fa42e10 nmethod 716 0x000002376d3ebc10 code [0x000002376d3ebdc0, 0x000002376d3ebf78]
Event: 1.596 Thread 0x000002377fa42e10  717       3       java.net.URLStreamHandler::parseURL (1201 bytes)

GC Heap History (2 events):
Event: 1.403 GC heap before
{Heap before GC invocations=0 (full 0):
 garbage-first heap   total 131072K, used 13312K [0x0000000081e00000, 0x0000000100000000)
  region size 1024K, 13 young (13312K), 0 survivors (0K)
 Metaspace       used 2056K, committed 2240K, reserved 1056768K
  class space    used 189K, committed 256K, reserved 1048576K
}
Event: 1.415 GC heap after
{Heap after GC invocations=1 (full 0):
 garbage-first heap   total 131072K, used 7462K [0x0000000081e00000, 0x0000000100000000)
  region size 1024K, 2 young (2048K), 2 survivors (2048K)
 Metaspace       used 2056K, committed 2240K, reserved 1056768K
  class space    used 189K, committed 256K, reserved 1048576K
}

Dll operation events (9 events):
Event: 0.017 Loaded shared library D:\Soft\JDK\JDK 17\bin\java.dll
Event: 0.041 Loaded shared library D:\Soft\JDK\JDK 17\bin\jsvml.dll
Event: 0.169 Loaded shared library D:\Soft\JDK\JDK 17\bin\net.dll
Event: 0.173 Loaded shared library D:\Soft\JDK\JDK 17\bin\nio.dll
Event: 0.187 Loaded shared library D:\Soft\JDK\JDK 17\bin\zip.dll
Event: 0.383 Loaded shared library D:\Soft\JDK\JDK 17\bin\management.dll
Event: 0.401 Loaded shared library D:\Soft\JDK\JDK 17\bin\management_ext.dll
Event: 0.526 Loaded shared library D:\Soft\JDK\JDK 17\bin\jimage.dll
Event: 0.746 Loaded shared library D:\Soft\JDK\JDK 17\bin\verify.dll

Deoptimization events (20 events):
Event: 0.752 Thread 0x0000023763ff4d60 DEOPT PACKING pc=0x0000023774d918c4 sp=0x000000edba0fe7b0
Event: 0.752 Thread 0x0000023763ff4d60 DEOPT UNPACKING pc=0x00000237748369a3 sp=0x000000edba0fe750 mode 2
Event: 0.918 Thread 0x0000023763ff4d60 DEOPT PACKING pc=0x000002376d2d758c sp=0x000000edba0fe190
Event: 0.918 Thread 0x0000023763ff4d60 DEOPT UNPACKING pc=0x0000023774837143 sp=0x000000edba0fd620 mode 0
Event: 0.921 Thread 0x0000023763ff4d60 DEOPT PACKING pc=0x000002376d2d758c sp=0x000000edba0fe190
Event: 0.921 Thread 0x0000023763ff4d60 DEOPT UNPACKING pc=0x0000023774837143 sp=0x000000edba0fd620 mode 0
Event: 1.166 Thread 0x0000023763ff4d60 DEOPT PACKING pc=0x000002376d2c6fe8 sp=0x000000edba0fe280
Event: 1.166 Thread 0x0000023763ff4d60 DEOPT UNPACKING pc=0x0000023774837143 sp=0x000000edba0fd710 mode 0
Event: 1.218 Thread 0x0000023763ff4d60 DEOPT PACKING pc=0x000002376d37b27c sp=0x000000edba0fe1c0
Event: 1.218 Thread 0x0000023763ff4d60 DEOPT UNPACKING pc=0x0000023774837143 sp=0x000000edba0fd670 mode 0
Event: 1.350 Thread 0x0000023763ff4d60 Uncommon trap: trap_request=0xffffff45 fr.pc=0x0000023774dad614 relative=0x0000000000000194
Event: 1.350 Thread 0x0000023763ff4d60 Uncommon trap: reason=unstable_if action=reinterpret pc=0x0000023774dad614 method=java.lang.StringCoding.hasNegatives([BII)Z @ 12 c2
Event: 1.350 Thread 0x0000023763ff4d60 DEOPT PACKING pc=0x0000023774dad614 sp=0x000000edba0fe1d0
Event: 1.350 Thread 0x0000023763ff4d60 DEOPT UNPACKING pc=0x00000237748369a3 sp=0x000000edba0fe160 mode 2
Event: 1.376 Thread 0x0000023763ff4d60 DEOPT PACKING pc=0x000002376d3b02d6 sp=0x000000edba0fe1d0
Event: 1.376 Thread 0x0000023763ff4d60 DEOPT UNPACKING pc=0x0000023774837143 sp=0x000000edba0fd658 mode 0
Event: 1.500 Thread 0x0000023763ff4d60 DEOPT PACKING pc=0x000002376d2e4e33 sp=0x000000edba0fd770
Event: 1.500 Thread 0x0000023763ff4d60 DEOPT UNPACKING pc=0x0000023774837143 sp=0x000000edba0fcc58 mode 0
Event: 1.555 Thread 0x0000023763ff4d60 DEOPT PACKING pc=0x000002376d3b02d6 sp=0x000000edba0fdbc0
Event: 1.555 Thread 0x0000023763ff4d60 DEOPT UNPACKING pc=0x0000023774837143 sp=0x000000edba0fd060 mode 0

Classes unloaded (0 events):
No events

Classes redefined (0 events):
No events

Internal exceptions (8 events):
Event: 0.357 Thread 0x0000023763ff4d60 Exception <a 'java/lang/NoSuchMethodError'{0x0000000089cc7a70}: 'java.lang.Object java.lang.invoke.DirectMethodHandle$Holder.invokeStaticInit(java.lang.Object)'> (0x0000000089cc7a70) 
thrown [s\src\hotspot\share\interpreter\linkResolver.cpp, line 759]
Event: 0.438 Thread 0x0000023763ff4d60 Exception <a 'java/lang/NoSuchMethodError'{0x0000000089b2f3e0}: 'int java.lang.invoke.DirectMethodHandle$Holder.invokeSpecial(java.lang.Object, java.lang.Object, java.lang.Object)'> (0x0000000089b2f3e0) 
thrown [s\src\hotspot\share\interpreter\linkResolver.cpp, line 759]
Event: 0.753 Thread 0x0000023704bbf9e0 Exception <a 'java/lang/NoSuchMethodError'{0x0000000089937fa8}: 'void java.lang.invoke.DirectMethodHandle$Holder.invokeStatic(java.lang.Object, long)'> (0x0000000089937fa8) 
thrown [s\src\hotspot\share\interpreter\linkResolver.cpp, line 759]
Event: 0.756 Thread 0x0000023704bbf9e0 Exception <a 'java/lang/NoSuchMethodError'{0x000000008993d698}: 'java.lang.Object java.lang.invoke.DirectMethodHandle$Holder.newInvokeSpecial(java.lang.Object, long)'> (0x000000008993d698) 
thrown [s\src\hotspot\share\interpreter\linkResolver.cpp, line 759]
Event: 0.771 Thread 0x0000023704bbf9e0 Exception <a 'java/lang/NoSuchMethodError'{0x0000000089993c78}: 'java.lang.Object java.lang.invoke.DirectMethodHandle$Holder.invokeStaticInit(java.lang.Object, java.lang.Object, long, java.lang.Object)'> (0x0000000089993c78) 
thrown [s\src\hotspot\share\interpreter\linkResolver.cpp, line 759]
Event: 0.781 Thread 0x0000023704bbf9e0 Exception <a 'java/lang/NoSuchMethodError'{0x000000008999a338}: 'java.lang.Object java.lang.invoke.DirectMethodHandle$Holder.newInvokeSpecial(java.lang.Object, java.lang.Object, long)'> (0x000000008999a338) 
thrown [s\src\hotspot\share\interpreter\linkResolver.cpp, line 759]
Event: 0.786 Thread 0x0000023704bbf9e0 Exception <a 'java/lang/NoSuchMethodError'{0x000000008999e628}: 'java.lang.Object java.lang.invoke.Invokers$Holder.linkToTargetMethod(java.lang.Object, long, java.lang.Object)'> (0x000000008999e628) 
thrown [s\src\hotspot\share\interpreter\linkResolver.cpp, line 759]
Event: 1.604 Thread 0x0000023763ff4d60 Exception <a 'java/lang/NoSuchMethodError'{0x0000000089c18870}: 'void java.lang.invoke.DirectMethodHandle$Holder.invokeStatic(java.lang.Object, java.lang.Object, java.lang.Object)'> (0x0000000089c18870) 
thrown [s\src\hotspot\share\interpreter\linkResolver.cpp, line 759]

VM Operations (8 events):
Event: 0.190 Executing VM operation: HandshakeAllThreads
Event: 0.190 Executing VM operation: HandshakeAllThreads done
Event: 0.677 Executing VM operation: HandshakeAllThreads
Event: 0.677 Executing VM operation: HandshakeAllThreads done
Event: 1.402 Executing VM operation: G1CollectForAllocation
Event: 1.415 Executing VM operation: G1CollectForAllocation done
Event: 1.553 Executing VM operation: HandshakeAllThreads
Event: 1.553 Executing VM operation: HandshakeAllThreads done

Events (20 events):
Event: 1.550 loading class sun/net/www/protocol/jar/JarFileFactory
Event: 1.550 loading class sun/net/www/protocol/jar/URLJarFile$URLJarFileCloseController
Event: 1.550 loading class sun/net/www/protocol/jar/URLJarFile$URLJarFileCloseController done
Event: 1.551 loading class sun/net/www/protocol/jar/JarFileFactory done
Event: 1.551 loading class sun/net/www/protocol/file/FileURLConnection
Event: 1.552 loading class sun/net/www/URLConnection
Event: 1.552 loading class sun/net/www/URLConnection done
Event: 1.552 loading class sun/net/www/protocol/file/FileURLConnection done
Event: 1.552 loading class sun/net/www/MessageHeader
Event: 1.552 loading class sun/net/www/MessageHeader done
Event: 1.553 loading class sun/net/www/protocol/jar/URLJarFile
Event: 1.553 loading class sun/net/www/protocol/jar/URLJarFile done
Event: 1.554 loading class sun/net/www/protocol/jar/URLJarFile$URLJarFileEntry
Event: 1.555 loading class sun/net/www/protocol/jar/URLJarFile$URLJarFileEntry done
Event: 1.555 loading class sun/net/www/protocol/jar/JarURLConnection$JarURLInputStream
Event: 1.555 loading class sun/net/www/protocol/jar/JarURLConnection$JarURLInputStream done
Event: 1.556 loading class java/util/LinkedHashMap$LinkedKeySet
Event: 1.556 loading class java/util/LinkedHashMap$LinkedKeySet done
Event: 1.556 loading class java/util/LinkedHashMap$LinkedKeyIterator
Event: 1.556 loading class java/util/LinkedHashMap$LinkedKeyIterator done


Dynamic libraries:
0x00007ff77f2d0000 - 0x00007ff77f2dd000 	D:\Soft\JDK\JDK 17\bin\java.exe
0x00007ff8fc570000 - 0x00007ff8fc768000 	C:\WINDOWS\SYSTEM32\ntdll.dll
0x00007ff8fa720000 - 0x00007ff8fa7dd000 	C:\WINDOWS\System32\KERNEL32.DLL
0x00007ff8f9f10000 - 0x00007ff8fa206000 	C:\WINDOWS\System32\KERNELBASE.dll
0x00007ff8f9e10000 - 0x00007ff8f9f10000 	C:\WINDOWS\System32\ucrtbase.dll
0x00007ff8e2090000 - 0x00007ff8e20a5000 	D:\Soft\JDK\JDK 17\bin\VCRUNTIME140.dll
0x00007ff8e2100000 - 0x00007ff8e2117000 	D:\Soft\JDK\JDK 17\bin\jli.dll
0x00007ff8fb780000 - 0x00007ff8fb91e000 	C:\WINDOWS\System32\USER32.dll
0x00007ff8fa330000 - 0x00007ff8fa352000 	C:\WINDOWS\System32\win32u.dll
0x00007ff8e8000000 - 0x00007ff8e829a000 	C:\WINDOWS\WinSxS\amd64_microsoft.windows.common-controls_6595b64144ccf1df_6.0.19041.1110_none_60b5254171f9507e\COMCTL32.dll
0x00007ff8fc470000 - 0x00007ff8fc49c000 	C:\WINDOWS\System32\GDI32.dll
0x00007ff8fbb40000 - 0x00007ff8fbbde000 	C:\WINDOWS\System32\msvcrt.dll
0x00007ff8fa210000 - 0x00007ff8fa32a000 	C:\WINDOWS\System32\gdi32full.dll
0x00007ff8fa360000 - 0x00007ff8fa3fd000 	C:\WINDOWS\System32\msvcp_win.dll
0x00007ff8fc4a0000 - 0x00007ff8fc4d0000 	C:\WINDOWS\System32\IMM32.DLL
0x00007ff8cd000000 - 0x00007ff8cd09b000 	D:\Soft\JDK\JDK 17\bin\msvcp140.dll
0x00007ff889320000 - 0x00007ff889f38000 	D:\Soft\JDK\JDK 17\bin\server\jvm.dll
0x00007ff8fbc00000 - 0x00007ff8fbcae000 	C:\WINDOWS\System32\ADVAPI32.dll
0x00007ff8fa5d0000 - 0x00007ff8fa66c000 	C:\WINDOWS\System32\sechost.dll
0x00007ff8faf90000 - 0x00007ff8fb0b6000 	C:\WINDOWS\System32\RPCRT4.dll
0x00007ff8f3dd0000 - 0x00007ff8f3dd9000 	C:\WINDOWS\SYSTEM32\WSOCK32.dll
0x00007ff8f42e0000 - 0x00007ff8f42ea000 	C:\WINDOWS\SYSTEM32\VERSION.dll
0x00007ff8fb920000 - 0x00007ff8fb98b000 	C:\WINDOWS\System32\WS2_32.dll
0x00007ff8f4d70000 - 0x00007ff8f4d97000 	C:\WINDOWS\SYSTEM32\WINMM.dll
0x00007ff8f8430000 - 0x00007ff8f8442000 	C:\WINDOWS\SYSTEM32\kernel.appcore.dll
0x00007ff8e2460000 - 0x00007ff8e246a000 	D:\Soft\JDK\JDK 17\bin\jimage.dll
0x00007ff8f8160000 - 0x00007ff8f8344000 	C:\WINDOWS\SYSTEM32\DBGHELP.DLL
0x00007ff8f0970000 - 0x00007ff8f09a4000 	C:\WINDOWS\SYSTEM32\dbgcore.DLL
0x00007ff8f9d30000 - 0x00007ff8f9db2000 	C:\WINDOWS\System32\bcryptPrimitives.dll
0x00007ff8e1390000 - 0x00007ff8e13b5000 	D:\Soft\JDK\JDK 17\bin\java.dll
0x00007ff8ca3e0000 - 0x00007ff8ca4b6000 	D:\Soft\JDK\JDK 17\bin\jsvml.dll
0x00007ff8fa840000 - 0x00007ff8faf85000 	C:\WINDOWS\System32\SHELL32.dll
0x00007ff8f78f0000 - 0x00007ff8f808b000 	C:\WINDOWS\SYSTEM32\windows.storage.dll
0x00007ff8fbd50000 - 0x00007ff8fc0a4000 	C:\WINDOWS\System32\combase.dll
0x00007ff8f94e0000 - 0x00007ff8f950e000 	C:\WINDOWS\SYSTEM32\Wldp.dll
0x00007ff8fb6c0000 - 0x00007ff8fb76d000 	C:\WINDOWS\System32\SHCORE.dll
0x00007ff8fc410000 - 0x00007ff8fc465000 	C:\WINDOWS\System32\shlwapi.dll
0x00007ff8f9b80000 - 0x00007ff8f9ba5000 	C:\WINDOWS\SYSTEM32\profapi.dll
0x00007ff8e1370000 - 0x00007ff8e1389000 	D:\Soft\JDK\JDK 17\bin\net.dll
0x00007ff8f26d0000 - 0x00007ff8f27da000 	C:\WINDOWS\SYSTEM32\WINHTTP.dll
0x00007ff8f92c0000 - 0x00007ff8f932a000 	C:\WINDOWS\system32\mswsock.dll
0x00007ff8e1300000 - 0x00007ff8e1315000 	D:\Soft\JDK\JDK 17\bin\nio.dll
0x00007ff8dccd0000 - 0x00007ff8dcce8000 	D:\Soft\JDK\JDK 17\bin\zip.dll
0x00007ff8f4480000 - 0x00007ff8f4489000 	D:\Soft\JDK\JDK 17\bin\management.dll
0x00007ff8f3ad0000 - 0x00007ff8f3adb000 	D:\Soft\JDK\JDK 17\bin\management_ext.dll
0x00007ff8fc210000 - 0x00007ff8fc218000 	C:\WINDOWS\System32\PSAPI.DLL
0x00007ff8e1ef0000 - 0x00007ff8e1f00000 	D:\Soft\JDK\JDK 17\bin\verify.dll

dbghelp: loaded successfully - version: 4.0.5 - missing functions: none
symbol engine: initialized successfully - sym options: 0x614 - pdb path: .;D:\Soft\JDK\JDK 17\bin;C:\WINDOWS\SYSTEM32;C:\WINDOWS\WinSxS\amd64_microsoft.windows.common-controls_6595b64144ccf1df_6.0.19041.1110_none_60b5254171f9507e;D:\Soft\JDK\JDK 17\bin\server

VM Arguments:
java_command: C:\Users\User\AppData\Local\Temp\surefire9381250628571101333\surefirebooter5307562921997260293.jar C:\Users\User\AppData\Local\Temp\surefire9381250628571101333 2023-10-02T21-52-34_958-jvmRun1 surefire5087760461514355225tmp surefire_2144529194773258995tmp
java_class_path (initial): C:\Users\User\AppData\Local\Temp\surefire9381250628571101333\surefirebooter5307562921997260293.jar
Launcher Type: SUN_STANDARD

[Global flags]
     intx CICompilerCount                          = 3                                         {product} {ergonomic}
     uint ConcGCThreads                            = 1                                         {product} {ergonomic}
     uint G1ConcRefinementThreads                  = 4                                         {product} {ergonomic}
   size_t G1HeapRegionSize                         = 1048576                                   {product} {ergonomic}
    uintx GCDrainStackTargetSize                   = 64                                        {product} {ergonomic}
   size_t InitialHeapSize                          = 134217728                                 {product} {ergonomic}
   size_t MarkStackSize                            = 4194304                                   {product} {ergonomic}
   size_t MaxHeapSize                              = 2116026368                                {product} {ergonomic}
   size_t MaxNewSize                               = 1268776960                                {product} {ergonomic}
   size_t MinHeapDeltaBytes                        = 1048576                                   {product} {ergonomic}
   size_t MinHeapSize                              = 8388608                                   {product} {ergonomic}
    uintx NonNMethodCodeHeapSize                   = 5832780                                {pd product} {ergonomic}
    uintx NonProfiledCodeHeapSize                  = 122912730                              {pd product} {ergonomic}
    uintx ProfiledCodeHeapSize                     = 122912730                              {pd product} {ergonomic}
    uintx ReservedCodeCacheSize                    = 251658240                              {pd product} {ergonomic}
     bool SegmentedCodeCache                       = true                                      {product} {ergonomic}
   size_t SoftMaxHeapSize                          = 2116026368                             {manageable} {ergonomic}
     bool UseCompressedClassPointers               = true                           {product lp64_product} {ergonomic}
     bool UseCompressedOops                        = true                           {product lp64_product} {ergonomic}
     bool UseG1GC                                  = true                                      {product} {ergonomic}
     bool UseLargePagesIndividualAllocation        = false                                  {pd product} {ergonomic}

Logging:
Log output configuration:
 #0: stdout all=warning uptime,level,tags
 #1: stderr all=off uptime,level,tags

Environment Variables:
JAVA_HOME=D:\Soft\JDK\JDK 17
PATH=C:\Windows\system32;C:\Windows;C:\Windows\System32\Wbem;C:\Windows\System32\WindowsPowerShell\v1.0\;C:\Windows\System32\OpenSSH\;C:\Program Files (x86)\NVIDIA Corporation\PhysX\Common;C:\WINDOWS\system32;C:\WINDOWS;C:\WINDOWS\System32\Wbem;C:\WINDOWS\System32\WindowsPowerShell\v1.0\;C:\WINDOWS\System32\OpenSSH\;D:\Git\cmd;C:\Program Files\Docker\Docker\resources\bin;D:\Soft\JDK\JDK 17\bin;C:\Program Files\Maven\apache-maven-3.9.2\bin;C:\Program Files\MySQL\MySQL Server 8.0\bin;D:\Soft\node-v16.17.1-win-x64;D:\Soft\PostgreSQL\bin;C:\Users\User\AppData\Local\Microsoft\WindowsApps
USERNAME=User
OS=Windows_NT
PROCESSOR_IDENTIFIER=Intel64 Family 6 Model 78 Stepping 3, GenuineIntel
TMP=C:\Users\User\AppData\Local\Temp
TEMP=C:\Users\User\AppData\Local\Temp



---------------  S Y S T E M  ---------------

OS:
 Windows 10 , 64 bit Build 19041 (10.0.19041.3393)
OS uptime: 15 days 4:13 hours
Hyper-V role detected

CPU: total 4 (initial active 4) (2 cores per cpu, 2 threads per core) family 6 model 78 stepping 3 microcode 0xcc, cx8, cmov, fxsr, ht, mmx, 3dnowpref, sse, sse2, sse3, ssse3, sse4.1, sse4.2, popcnt, lzcnt, tsc, tscinvbit, avx, avx2, aes, erms, clmul, bmi1, bmi2, adx, fma, vzeroupper, clflush, clflushopt, hv

Memory: 4k page, system-wide physical 8071M (390M free)
TotalPageFile size 15951M (AvailPageFile size 0M)
current process WorkingSet (physical memory assigned to process): 66M, peak: 66M
current process commit charge ("private bytes"): 213M, peak: 213M

vm_info: OpenJDK 64-Bit Server VM (17.0.6+10-LTS) for windows-amd64 JRE (17.0.6+10-LTS), built on Jan 13 2023 22:57:04 by "Administrator" with MS VC++ 15.9 (VS2017)

END.
